2018-11-05T10:31:18+00:00 CRITICAL syntax error, unexpected '{' in C:\xampp\htdocs\fashion-shop-wordpress\wp-content\themes\storefront-child\functions.php on line 249

2018-11-05T10:32:34+00:00 CRITICAL syntax error, unexpected '{' in C:\xampp\htdocs\fashion-shop-wordpress\wp-content\themes\storefront-child\functions.php on line 249

2018-11-05T15:12:10+00:00 CRITICAL Maximum execution time of 30 seconds exceeded in C:\xampp\htdocs\fashion-shop-wordpress\wp-includes\class-wp-admin-bar.php on line 15

2018-11-05T16:04:19+00:00 CRITICAL Uncaught Error: Call to undefined function test() in C:\xampp\htdocs\fashion-shop-wordpress\wp-content\themes\storefront-child\functions.php:215
Stack trace:
#0 C:\xampp\htdocs\fashion-shop-wordpress\wp-includes\class-wp-hook.php(286): add_customizer(Object(WP_Customize_Manager))
#1 C:\xampp\htdocs\fashion-shop-wordpress\wp-includes\class-wp-hook.php(310): WP_Hook->apply_filters(NULL, Array)
#2 C:\xampp\htdocs\fashion-shop-wordpress\wp-includes\plugin.php(453): WP_Hook->do_action(Array)
#3 C:\xampp\htdocs\fashion-shop-wordpress\wp-includes\class-wp-customize-manager.php(926): do_action('customize_regis...', Object(WP_Customize_Manager))
#4 C:\xampp\htdocs\fashion-shop-wordpress\wp-includes\class-wp-hook.php(286): WP_Customize_Manager->wp_loaded('')
#5 C:\xampp\htdocs\fashion-shop-wordpress\wp-includes\class-wp-hook.php(310): WP_Hook->apply_filters(NULL, Array)
#6 C:\xampp\htdocs\fashion-shop-wordpress\wp-includes\plugin.php(453): WP_Hook->do_action(Array)
#7 C:\xampp\htdocs\fashion-shop-wordpress\wp-settings. in C:\xampp\htdocs\fashion-shop-wordpress\wp-content\themes\storefront-child\functions.php on line 215

2018-11-05T16:33:40+00:00 CRITICAL Uncaught Error: Call to a member function add_setting() on null in C:\xampp\htdocs\fashion-shop-wordpress\wp-content\themes\storefront-child\functions.php:256
Stack trace:
#0 C:\xampp\htdocs\fashion-shop-wordpress\wp-includes\class-wp-hook.php(286): banner_height('')
#1 C:\xampp\htdocs\fashion-shop-wordpress\wp-includes\class-wp-hook.php(310): WP_Hook->apply_filters(NULL, Array)
#2 C:\xampp\htdocs\fashion-shop-wordpress\wp-includes\plugin.php(453): WP_Hook->do_action(Array)
#3 C:\xampp\htdocs\fashion-shop-wordpress\wp-includes\general-template.php(2614): do_action('wp_head')
#4 C:\xampp\htdocs\fashion-shop-wordpress\wp-content\themes\storefront-child\header.php(16): wp_head()
#5 C:\xampp\htdocs\fashion-shop-wordpress\wp-content\themes\storefront-child\front-page.php(1): include('C:\\xampp\\htdocs...')
#6 C:\xampp\htdocs\fashion-shop-wordpress\wp-includes\template-loader.php(74): include('C:\\xampp\\htdocs...')
#7 C:\xampp\htdocs\fashion-shop-wordpress\wp-blog-header.php(19): require_once('C:\\xampp\\htdocs... in C:\xampp\htdocs\fashion-shop-wordpress\wp-content\themes\storefront-child\functions.php on line 256

2018-11-05T16:36:35+00:00 CRITICAL Uncaught Error: Call to a member function add_setting() on null in C:\xampp\htdocs\fashion-shop-wordpress\wp-content\themes\storefront-child\functions.php:256
Stack trace:
#0 C:\xampp\htdocs\fashion-shop-wordpress\wp-includes\class-wp-hook.php(286): banner_image_height('')
#1 C:\xampp\htdocs\fashion-shop-wordpress\wp-includes\class-wp-hook.php(310): WP_Hook->apply_filters(NULL, Array)
#2 C:\xampp\htdocs\fashion-shop-wordpress\wp-includes\plugin.php(453): WP_Hook->do_action(Array)
#3 C:\xampp\htdocs\fashion-shop-wordpress\wp-includes\general-template.php(2614): do_action('wp_head')
#4 C:\xampp\htdocs\fashion-shop-wordpress\wp-content\themes\storefront-child\header.php(16): wp_head()
#5 C:\xampp\htdocs\fashion-shop-wordpress\wp-content\themes\storefront-child\front-page.php(1): include('C:\\xampp\\htdocs...')
#6 C:\xampp\htdocs\fashion-shop-wordpress\wp-includes\template-loader.php(74): include('C:\\xampp\\htdocs...')
#7 C:\xampp\htdocs\fashion-shop-wordpress\wp-blog-header.php(19): require_once('C:\\xampp\\htd in C:\xampp\htdocs\fashion-shop-wordpress\wp-content\themes\storefront-child\functions.php on line 256

2018-11-05T16:46:47+00:00 CRITICAL Uncaught Error: Call to a member function add_setting() on null in C:\xampp\htdocs\fashion-shop-wordpress\wp-content\themes\storefront-child\functions.php:257
Stack trace:
#0 C:\xampp\htdocs\fashion-shop-wordpress\wp-includes\class-wp-hook.php(286): banner_image_height('')
#1 C:\xampp\htdocs\fashion-shop-wordpress\wp-includes\class-wp-hook.php(310): WP_Hook->apply_filters(NULL, Array)
#2 C:\xampp\htdocs\fashion-shop-wordpress\wp-includes\plugin.php(453): WP_Hook->do_action(Array)
#3 C:\xampp\htdocs\fashion-shop-wordpress\wp-includes\general-template.php(2614): do_action('wp_head')
#4 C:\xampp\htdocs\fashion-shop-wordpress\wp-content\themes\storefront-child\header.php(16): wp_head()
#5 C:\xampp\htdocs\fashion-shop-wordpress\wp-content\themes\storefront-child\front-page.php(1): include('C:\\xampp\\htdocs...')
#6 C:\xampp\htdocs\fashion-shop-wordpress\wp-includes\template-loader.php(74): include('C:\\xampp\\htdocs...')
#7 C:\xampp\htdocs\fashion-shop-wordpress\wp-blog-header.php(19): require_once('C:\\xampp\\htd in C:\xampp\htdocs\fashion-shop-wordpress\wp-content\themes\storefront-child\functions.php on line 257

2018-11-05T16:49:07+00:00 CRITICAL Uncaught Error: Call to a member function add_setting() on null in C:\xampp\htdocs\fashion-shop-wordpress\wp-content\themes\storefront-child\functions.php:257
Stack trace:
#0 C:\xampp\htdocs\fashion-shop-wordpress\wp-includes\class-wp-hook.php(286): banner_image_height('')
#1 C:\xampp\htdocs\fashion-shop-wordpress\wp-includes\class-wp-hook.php(310): WP_Hook->apply_filters(NULL, Array)
#2 C:\xampp\htdocs\fashion-shop-wordpress\wp-includes\plugin.php(453): WP_Hook->do_action(Array)
#3 C:\xampp\htdocs\fashion-shop-wordpress\wp-includes\general-template.php(2614): do_action('wp_head')
#4 C:\xampp\htdocs\fashion-shop-wordpress\wp-content\themes\storefront-child\header.php(16): wp_head()
#5 C:\xampp\htdocs\fashion-shop-wordpress\wp-content\themes\storefront-child\front-page.php(1): include('C:\\xampp\\htdocs...')
#6 C:\xampp\htdocs\fashion-shop-wordpress\wp-includes\template-loader.php(74): include('C:\\xampp\\htdocs...')
#7 C:\xampp\htdocs\fashion-shop-wordpress\wp-blog-header.php(19): require_once('C:\\xampp\\htd in C:\xampp\htdocs\fashion-shop-wordpress\wp-content\themes\storefront-child\functions.php on line 257

2018-11-05T16:49:10+00:00 CRITICAL Uncaught Error: Call to a member function add_setting() on null in C:\xampp\htdocs\fashion-shop-wordpress\wp-content\themes\storefront-child\functions.php:257
Stack trace:
#0 C:\xampp\htdocs\fashion-shop-wordpress\wp-includes\class-wp-hook.php(286): banner_image_height('')
#1 C:\xampp\htdocs\fashion-shop-wordpress\wp-includes\class-wp-hook.php(310): WP_Hook->apply_filters(NULL, Array)
#2 C:\xampp\htdocs\fashion-shop-wordpress\wp-includes\plugin.php(453): WP_Hook->do_action(Array)
#3 C:\xampp\htdocs\fashion-shop-wordpress\wp-includes\general-template.php(2614): do_action('wp_head')
#4 C:\xampp\htdocs\fashion-shop-wordpress\wp-content\themes\storefront-child\header.php(16): wp_head()
#5 C:\xampp\htdocs\fashion-shop-wordpress\wp-content\themes\storefront-child\front-page.php(1): include('C:\\xampp\\htdocs...')
#6 C:\xampp\htdocs\fashion-shop-wordpress\wp-includes\template-loader.php(74): include('C:\\xampp\\htdocs...')
#7 C:\xampp\htdocs\fashion-shop-wordpress\wp-blog-header.php(19): require_once('C:\\xampp\\htd in C:\xampp\htdocs\fashion-shop-wordpress\wp-content\themes\storefront-child\functions.php on line 257

2018-11-05T16:49:11+00:00 CRITICAL Uncaught Error: Call to a member function add_setting() on null in C:\xampp\htdocs\fashion-shop-wordpress\wp-content\themes\storefront-child\functions.php:257
Stack trace:
#0 C:\xampp\htdocs\fashion-shop-wordpress\wp-includes\class-wp-hook.php(286): banner_image_height('')
#1 C:\xampp\htdocs\fashion-shop-wordpress\wp-includes\class-wp-hook.php(310): WP_Hook->apply_filters(NULL, Array)
#2 C:\xampp\htdocs\fashion-shop-wordpress\wp-includes\plugin.php(453): WP_Hook->do_action(Array)
#3 C:\xampp\htdocs\fashion-shop-wordpress\wp-includes\general-template.php(2614): do_action('wp_head')
#4 C:\xampp\htdocs\fashion-shop-wordpress\wp-content\themes\storefront-child\header.php(16): wp_head()
#5 C:\xampp\htdocs\fashion-shop-wordpress\wp-content\themes\storefront-child\front-page.php(1): include('C:\\xampp\\htdocs...')
#6 C:\xampp\htdocs\fashion-shop-wordpress\wp-includes\template-loader.php(74): include('C:\\xampp\\htdocs...')
#7 C:\xampp\htdocs\fashion-shop-wordpress\wp-blog-header.php(19): require_once('C:\\xampp\\htd in C:\xampp\htdocs\fashion-shop-wordpress\wp-content\themes\storefront-child\functions.php on line 257

2018-11-05T16:49:19+00:00 CRITICAL Uncaught Error: Call to a member function add_setting() on null in C:\xampp\htdocs\fashion-shop-wordpress\wp-content\themes\storefront-child\functions.php:257
Stack trace:
#0 C:\xampp\htdocs\fashion-shop-wordpress\wp-includes\class-wp-hook.php(286): banner_image_height('')
#1 C:\xampp\htdocs\fashion-shop-wordpress\wp-includes\class-wp-hook.php(310): WP_Hook->apply_filters(NULL, Array)
#2 C:\xampp\htdocs\fashion-shop-wordpress\wp-includes\plugin.php(453): WP_Hook->do_action(Array)
#3 C:\xampp\htdocs\fashion-shop-wordpress\wp-includes\general-template.php(2614): do_action('wp_head')
#4 C:\xampp\htdocs\fashion-shop-wordpress\wp-content\themes\storefront-child\header.php(16): wp_head()
#5 C:\xampp\htdocs\fashion-shop-wordpress\wp-content\themes\storefront-child\front-page.php(1): include('C:\\xampp\\htdocs...')
#6 C:\xampp\htdocs\fashion-shop-wordpress\wp-includes\template-loader.php(74): include('C:\\xampp\\htdocs...')
#7 C:\xampp\htdocs\fashion-shop-wordpress\wp-blog-header.php(19): require_once('C:\\xampp\\htd in C:\xampp\htdocs\fashion-shop-wordpress\wp-content\themes\storefront-child\functions.php on line 257

